<?xml version="1.0" encoding="UTF-8"?>
<testsuite xmlns:xsi="http://www.w3.org/2001/XMLSchema-instance" xsi:noNamespaceSchemaLocation="https://maven.apache.org/surefire/maven-surefire-plugin/xsd/surefire-test-report-3.0.xsd" version="3.0" name="com.openclassrooms.SpringSecurityAuthApplicationTests" time="3.569" tests="1" errors="0" skipped="0" failures="0">
  <properties>
[...]
</properties>
  <testcase name="contextLoads" classname="com.openclassrooms.SpringSecurityAuthApplicationTests" time="0.876">
    <system-out><![CDATA[11:03:17.733 [main] INFO org.springframework.test.context.support.AnnotationConfigContextLoaderUtils -- Could not detect default configuration classes for test class [com.openclassrooms.SpringSecurityAuthApplicationTests]: SpringSecurityAuthApplicationTests does not declare any static, non-private, non-final, nested classes annotated with @Configuration.
11:03:17.868 [main] INFO org.springframework.boot.test.context.SpringBootTestContextBootstrapper -- Found @SpringBootConfiguration com.openclassrooms.SpringSecurityAuthApplication for test class com.openclassrooms.SpringSecurityAuthApplicationTests

  .   ____          _            __ _ _
 /\\ / ___'_ __ _ _(_)_ __  __ _ \ \ \ \
( ( )\___ | '_ | '_| | '_ \/ _` | \ \ \ \
 \\/  ___)| |_)| | | | | || (_| |  ) ) ) )
  '  |____| .__|_| |_|_| |_\__, | / / / /
 =========|_|==============|___/=/_/_/_/
 :: Spring Boot ::                (v3.1.2)

2025-05-26T11:03:18.471+02:00  INFO 31088 --- [           main] c.o.SpringSecurityAuthApplicationTests   : Starting SpringSecurityAuthApplicationTests using Java 21.0.7 with PID 31088 (started by Liza Boumali in C:\Users\Liza Boumali\Documents\sts-workspace\spring-security-tuto)
2025-05-26T11:03:18.473+02:00  INFO 31088 --- [           main] c.o.SpringSecurityAuthApplicationTests   : No active profile set, falling back to 1 default profile: "default"
2025-05-26T11:03:19.486+02:00  WARN 31088 --- [           main] .s.s.UserDetailsServiceAutoConfiguration : 

Using generated security password: 877e5573-b07d-4476-9409-e85843337ebe

This generated password is for development use only. Your security configuration must be updated before running your application in production.

2025-05-26T11:03:19.637+02:00  INFO 31088 --- [           main] o.s.s.web.DefaultSecurityFilterChain     : Will secure any request with [org.springframework.security.web.session.DisableEncodeUrlFilter@71e35c4, org.springframework.security.web.context.request.async.WebAsyncManagerIntegrationFilter@22a10ac6, org.springframework.security.web.context.SecurityContextHolderFilter@514de325, org.springframework.security.web.header.HeaderWriterFilter@d1d8e1a, org.springframework.security.web.csrf.CsrfFilter@6f231ced, org.springframework.security.web.authentication.logout.LogoutFilter@3bb87d36, org.springframework.security.web.savedrequest.RequestCacheAwareFilter@43a65cd8, org.springframework.security.web.servletapi.SecurityContextHolderAwareRequestFilter@4e682398, org.springframework.security.web.authentication.AnonymousAuthenticationFilter@12fe1f28, org.springframework.security.web.access.ExceptionTranslationFilter@76332405]
2025-05-26T11:03:20.132+02:00  INFO 31088 --- [           main] c.o.SpringSecurityAuthApplicationTests   : Started SpringSecurityAuthApplicationTests in 2.06 seconds (process running for 3.258)
]]></system-out>
    <system-err><![CDATA[WARNING: A Java agent has been loaded dynamically (C:\Users\Liza Boumali\.m2\repository\net\bytebuddy\byte-buddy-agent\1.14.5\byte-buddy-agent-1.14.5.jar)
WARNING: If a serviceability tool is in use, please run with -XX:+EnableDynamicAgentLoading to hide this warning
WARNING: If a serviceability tool is not in use, please run with -Djdk.instrument.traceUsage for more information
WARNING: Dynamic loading of agents will be disallowed by default in a future release
]]></system-err>
  </testcase>
</testsuite>